app/build/outputs/logs/manifest-merger-debug-report.txt
-- Merging decision tree log ---
manifest
ADDED from src/main/AndroidManifest.xml:2:1-32:12
	package
		ADDED from src/main/AndroidManifest.xml:3:11-55
		INJECTED from src/main/AndroidManifest.xml
		INJECTED from src/main/AndroidManifest.xml
	android:versionName
		INJECTED from src/main/AndroidManifest.xml
		INJECTED from src/main/AndroidManifest.xml
	xmlns:android
		ADDED from src/main/AndroidManifest.xml:2:11-69
	android:versionCode
		INJECTED from src/main/AndroidManifest.xml
		INJECTED from src/main/AndroidManifest.xml
application
ADDED from src/main/AndroidManifest.xml:5:1-30:15
MERGED from [com.stormpath.sdk:stormpath-sdk-android:1.1.3] AndroidManifest.xml:14:5-17:19
MERGED from [com.android.support:appcompat-v7:23.3.0] AndroidManifest.xml:25:5-20
MERGED from [com.android.support:support-vector-drawable:23.3.0] AndroidManifest.xml:7:5-20
MERGED from [com.android.support:support-v4:23.3.0] AndroidManifest.xml:22:5-20
MERGED from [com.android.support:animated-vector-drawable:23.3.0] AndroidManifest.xml:7:5-20
MERGED from [com.android.support:customtabs:23.3.0] AndroidManifest.xml:22:5-20
MERGED from [com.stormpath.sdk:stormpath-sdk-android-ui:1.0.2] AndroidManifest.xml:11:5-20
MERGED from [com.android.support:design:23.2.0] AndroidManifest.xml:22:5-20
	android:label
		ADDED from src/main/AndroidManifest.xml:9:9-41
	android:supportsRtl
		ADDED from src/main/AndroidManifest.xml:10:9-35
	android:allowBackup
		ADDED from src/main/AndroidManifest.xml:7:9-35
	android:icon
		ADDED from src/main/AndroidManifest.xml:8:9-43
	android:theme
		ADDED from src/main/AndroidManifest.xml:11:9-40
	android:name
		ADDED from src/main/AndroidManifest.xml:6:9-33
activity#notes.stormpath.com.stormpathnotes.NotesActivity
ADDED from src/main/AndroidManifest.xml:12:5-23:16
	android:label
		ADDED from src/main/AndroidManifest.xml:14:13-45
	android:windowSoftInputMode
		ADDED from src/main/AndroidManifest.xml:16:13-55
	android:configChanges
		ADDED from src/main/AndroidManifest.xml:15:13-48
	android:theme
		ADDED from src/main/AndroidManifest.xml:17:13-56
	android:name
		ADDED from src/main/AndroidManifest.xml:13:13-42
intent-filter#android.intent.action.MAIN+android.intent.category.LAUNCHER
ADDED from src/main/AndroidManifest.xml:18:9-22:25
action#android.intent.action.MAIN
ADDED from src/main/AndroidManifest.xml:19:13-64
	android:name
		ADDED from src/main/AndroidManifest.xml:19:21-62
category#android.intent.category.LAUNCHER
ADDED from src/main/AndroidManifest.xml:21:13-72
	android:name
		ADDED from src/main/AndroidManifest.xml:21:23-70
activity#com.stormpath.sdk.ui.StormpathLoginActivity
ADDED from src/main/AndroidManifest.xml:25:5-27:76
	android:windowSoftInputMode
		ADDED from src/main/AndroidManifest.xml:27:20-74
	android:theme
		ADDED from src/main/AndroidManifest.xml:26:20-63
	android:name
		ADDED from src/main/AndroidManifest.xml:25:15-73
uses-sdk
INJECTED from src/main/AndroidManifest.xml reason: use-sdk injection requested
MERGED from [com.stormpath.sdk:stormpath-sdk-android:1.1.3] AndroidManifest.xml:7:5-10:62
MERGED from [com.android.support:appcompat-v7:23.3.0] AndroidManifest.xml:21:5-23:78
MERGED from [com.android.support:support-vector-drawable:23.3.0] AndroidManifest.xml:5:5-43
MERGED from [com.android.support:support-v4:23.3.0] AndroidManifest.xml:20:5-43
MERGED from [com.android.support:animated-vector-drawable:23.3.0] AndroidManifest.xml:5:5-44
MERGED from [com.android.support:customtabs:23.3.0] AndroidManifest.xml:20:5-44
MERGED from [com.stormpath.sdk:stormpath-sdk-android-ui:1.0.2] AndroidManifest.xml:7:5-9:41
MERGED from [com.android.support:design:23.2.0] AndroidManifest.xml:20:5-43
MERGED from [com.android.support:recyclerview-v7:23.2.0] AndroidManifest.xml:20:5-43
	tools:overrideLibrary
		ADDED from [com.stormpath.sdk:stormpath-sdk-android:1.1.3] AndroidManifest.xml:10:9-59
	android:targetSdkVersion
		INJECTED from src/main/AndroidManifest.xml
		INJECTED from src/main/AndroidManifest.xml
	android:minSdkVersion
		INJECTED from src/main/AndroidManifest.xml
		INJECTED from src/main/AndroidManifest.xml
uses-permission#android.permission.INTERNET
ADDED from [com.stormpath.sdk:stormpath-sdk-android:1.1.3] AndroidManifest.xml:12:5-67
	android:name
		ADDED from [com.stormpath.sdk:stormpath-sdk-android:1.1.3] AndroidManifest.xml:12:22-64
activity#com.stormpath.sdk.android.WebviewActivity
ADDED from [com.stormpath.sdk:stormpath-sdk-android:1.1.3] AndroidManifest.xml:15:9-16:20
	android:name
		ADDED from [com.stormpath.sdk:stormpath-sdk-android:1.1.3] AndroidManifest.xml:15:19-75